<?xml version="1.0" encoding="UTF-8"?>
<!-- Generated by org.testng.reporters.JUnitReportReporter -->
<testsuite hostname="LAPTOP-9NK0OFQK" failures="0" tests="1" name="com.restassured_practice.TestRunner" time="2.955" errors="0" timestamp="2023-01-11T13:20:14 EST" skipped="0">
  <testcase classname="com.restassured_practice.TestRunner" name="runcreate" time="2.955"/>
  <system-out/>
</testsuite> <!-- com.restassured_practice.TestRunner -->
