<?xml version="1.0" encoding="UTF-8"?>
<!-- Generated by org.testng.reporters.JUnitReportReporter -->
<testsuite hostname="LAPTOP-9NK0OFQK" failures="0" tests="1" name="com.APIcucumberTest.PostAPIRunner" time="3.281" errors="0" timestamp="2023-01-11T13:35:12 EST" skipped="0">
  <testcase classname="com.APIcucumberTest.PostAPIRunner" name="runScenario" time="3.281"/>
  <system-out/>
</testsuite> <!-- com.APIcucumberTest.PostAPIRunner -->
